[0609/124607.504:ERROR:process_memory_win.cc(73)] ReadMemory at 0x530c0000 of 64 bytes failed: Only part of a ReadProcessMemory or WriteProcessMemory request was completed. (0x12B)
[0609/124607.510:WARNING:pe_image_reader.cc(340)] could not read dos header from C:\WINDOWS\System32\SYSFER.DLL
[0609/124607.510:ERROR:process_memory_win.cc(73)] ReadMemory at 0x2a4754e5af0 of 72 bytes failed: Only part of a ReadProcessMemory or WriteProcessMemory request was completed. (0x12B)
[0609/124607.511:WARNING:pe_image_annotations_reader.cc(134)] could not read annotations list object in C:\Program Files (x86)\Google\Chrome\Application\83.0.4103.97\chrome_elf.dll
[0609/124607.511:ERROR:process_memory_win.cc(73)] ReadMemory at 0x2a4754f0000 of 64 bytes failed: Only part of a ReadProcessMemory or WriteProcessMemory request was completed. (0x12B)
[0609/124607.511:WARNING:pe_image_reader.cc(340)] could not read dos header from C:\WINDOWS\System32\ADVAPI32.dll
[0609/124607.511:ERROR:process_memory_win.cc(73)] ReadMemory at 0x2a475946390 of 72 bytes failed: Only part of a ReadProcessMemory or WriteProcessMemory request was completed. (0x12B)
[0609/124607.511:WARNING:pe_image_annotations_reader.cc(134)] could not read annotations list object in C:\Program Files (x86)\Google\Chrome\Application\83.0.4103.97\chrome.dll
[0609/124607.524:ERROR:process_memory_win.cc(73)] ReadMemory at 0x530c0000 of 64 bytes failed: Only part of a ReadProcessMemory or WriteProcessMemory request was completed. (0x12B)
[0609/124607.524:WARNING:pe_image_reader.cc(340)] could not read dos header from C:\WINDOWS\System32\SYSFER.DLL
[0609/124607.524:ERROR:process_memory_win.cc(73)] ReadMemory at 0x2a4754e5af0 of 72 bytes failed: Only part of a ReadProcessMemory or WriteProcessMemory request was completed. (0x12B)
[0609/124607.524:WARNING:pe_image_annotations_reader.cc(134)] could not read annotations list object in C:\Program Files (x86)\Google\Chrome\Application\83.0.4103.97\chrome_elf.dll
[0609/124607.524:ERROR:process_memory_win.cc(73)] ReadMemory at 0x2a4754f0000 of 64 bytes failed: Only part of a ReadProcessMemory or WriteProcessMemory request was completed. (0x12B)
[0609/124607.524:WARNING:pe_image_reader.cc(340)] could not read dos header from C:\WINDOWS\System32\ADVAPI32.dll
[0609/124607.525:ERROR:process_memory_win.cc(73)] ReadMemory at 0x2a475946390 of 72 bytes failed: Only part of a ReadProcessMemory or WriteProcessMemory request was completed. (0x12B)
[0609/124607.525:WARNING:pe_image_annotations_reader.cc(134)] could not read annotations list object in C:\Program Files (x86)\Google\Chrome\Application\83.0.4103.97\chrome.dll
[0609/124607.526:ERROR:process_memory_win.cc(73)] ReadMemory at 0x530c0000 of 64 bytes failed: Only part of a ReadProcessMemory or WriteProcessMemory request was completed. (0x12B)
[0609/124607.526:WARNING:pe_image_reader.cc(340)] could not read dos header from C:\WINDOWS\System32\SYSFER.DLL
[0609/124607.526:ERROR:process_memory_win.cc(73)] ReadMemory at 0x2a4754e5af0 of 72 bytes failed: Only part of a ReadProcessMemory or WriteProcessMemory request was completed. (0x12B)
[0609/124607.526:WARNING:pe_image_annotations_reader.cc(134)] could not read annotations list object in C:\Program Files (x86)\Google\Chrome\Application\83.0.4103.97\chrome_elf.dll
[0609/124607.527:ERROR:process_memory_win.cc(73)] ReadMemory at 0x2a4754f0000 of 64 bytes failed: Only part of a ReadProcessMemory or WriteProcessMemory request was completed. (0x12B)
[0609/124607.527:WARNING:pe_image_reader.cc(340)] could not read dos header from C:\WINDOWS\System32\ADVAPI32.dll
[0609/124607.527:ERROR:process_memory_win.cc(73)] ReadMemory at 0x2a475946390 of 72 bytes failed: Only part of a ReadProcessMemory or WriteProcessMemory request was completed. (0x12B)
[0609/124607.527:WARNING:pe_image_annotations_reader.cc(134)] could not read annotations list object in C:\Program Files (x86)\Google\Chrome\Application\83.0.4103.97\chrome.dll
[0609/124607.558:ERROR:process_memory_win.cc(73)] ReadMemory at 0xa7057ea000 of 90112 bytes failed: Only part of a ReadProcessMemory or WriteProcessMemory request was completed. (0x12B)
[0609/124607.559:ERROR:process_memory_win.cc(73)] ReadMemory at 0xa705ffd000 of 12288 bytes failed: Only part of a ReadProcessMemory or WriteProcessMemory request was completed. (0x12B)
[0609/124607.559:ERROR:process_memory_win.cc(73)] ReadMemory at 0xa706ffc000 of 16384 bytes failed: Only part of a ReadProcessMemory or WriteProcessMemory request was completed. (0x12B)
[0609/124607.559:ERROR:process_memory_win.cc(73)] ReadMemory at 0xa7077fb000 of 20480 bytes failed: Only part of a ReadProcessMemory or WriteProcessMemory request was completed. (0x12B)
[0609/124607.559:ERROR:process_memory_win.cc(73)] ReadMemory at 0xa707ffe000 of 8192 bytes failed: Only part of a ReadProcessMemory or WriteProcessMemory request was completed. (0x12B)
[0609/124607.560:ERROR:process_memory_win.cc(73)] ReadMemory at 0xa7087fd000 of 12288 bytes failed: Only part of a ReadProcessMemory or WriteProcessMemory request was completed. (0x12B)
[0609/124607.560:ERROR:process_memory_win.cc(73)] ReadMemory at 0xa708ffb000 of 20480 bytes failed: Only part of a ReadProcessMemory or WriteProcessMemory request was completed. (0x12B)
[0609/124607.560:ERROR:process_memory_win.cc(73)] ReadMemory at 0xa7097fd000 of 12288 bytes failed: Only part of a ReadProcessMemory or WriteProcessMemory request was completed. (0x12B)
[0609/124607.560:ERROR:process_memory_win.cc(73)] ReadMemory at 0xa709ff6000 of 40960 bytes failed: Only part of a ReadProcessMemory or WriteProcessMemory request was completed. (0x12B)
[0609/124607.560:ERROR:process_memory_win.cc(73)] ReadMemory at 0xa70a7f5000 of 45056 bytes failed: Only part of a ReadProcessMemory or WriteProcessMemory request was completed. (0x12B)
[0609/124607.560:ERROR:process_memory_win.cc(73)] ReadMemory at 0xa70affc000 of 16384 bytes failed: Only part of a ReadProcessMemory or WriteProcessMemory request was completed. (0x12B)
[0609/124607.560:ERROR:process_memory_win.cc(73)] ReadMemory at 0xa70cffc000 of 16384 bytes failed: Only part of a ReadProcessMemory or WriteProcessMemory request was completed. (0x12B)
[0609/124607.560:ERROR:process_memory_win.cc(73)] ReadMemory at 0xa7067fd000 of 12288 bytes failed: Only part of a ReadProcessMemory or WriteProcessMemory request was completed. (0x12B)
[0609/124607.560:ERROR:process_memory_win.cc(73)] ReadMemory at 0xa70c7fd000 of 12288 bytes failed: Only part of a ReadProcessMemory or WriteProcessMemory request was completed. (0x12B)
[0609/124607.561:ERROR:process_memory_win.cc(73)] ReadMemory at 0xa70b7fc000 of 16384 bytes failed: Only part of a ReadProcessMemory or WriteProcessMemory request was completed. (0x12B)
[0609/124607.561:ERROR:process_memory_win.cc(73)] ReadMemory at 0xa70bffd000 of 12288 bytes failed: Only part of a ReadProcessMemory or WriteProcessMemory request was completed. (0x12B)
[0609/124607.561:ERROR:process_memory_win.cc(73)] ReadMemory at 0xa704e6a000 of 852 bytes failed: Only part of a ReadProcessMemory or WriteProcessMemory request was completed. (0x12B)
[0609/124607.561:ERROR:process_memory_win.cc(73)] ReadMemory at 0xa704e6b000 of 6024 bytes failed: Only part of a ReadProcessMemory or WriteProcessMemory request was completed. (0x12B)
[0609/124607.561:ERROR:process_memory_win.cc(73)] ReadMemory at 0xa704e6d000 of 6024 bytes failed: Only part of a ReadProcessMemory or WriteProcessMemory request was completed. (0x12B)
[0609/124607.561:ERROR:process_memory_win.cc(73)] ReadMemory at 0xa704e71000 of 6024 bytes failed: Only part of a ReadProcessMemory or WriteProcessMemory request was completed. (0x12B)
[0609/124607.561:ERROR:process_memory_win.cc(73)] ReadMemory at 0xa704e73000 of 6024 bytes failed: Only part of a ReadProcessMemory or WriteProcessMemory request was completed. (0x12B)
[0609/124607.561:ERROR:process_memory_win.cc(73)] ReadMemory at 0xa704e75000 of 6024 bytes failed: Only part of a ReadProcessMemory or WriteProcessMemory request was completed. (0x12B)
[0609/124607.562:ERROR:process_memory_win.cc(73)] ReadMemory at 0xa704e77000 of 6024 bytes failed: Only part of a ReadProcessMemory or WriteProcessMemory request was completed. (0x12B)
[0609/124607.562:ERROR:process_memory_win.cc(73)] ReadMemory at 0xa704e79000 of 6024 bytes failed: Only part of a ReadProcessMemory or WriteProcessMemory request was completed. (0x12B)
[0609/124607.562:ERROR:process_memory_win.cc(73)] ReadMemory at 0xa704e7b000 of 6024 bytes failed: Only part of a ReadProcessMemory or WriteProcessMemory request was completed. (0x12B)
[0609/124607.562:ERROR:process_memory_win.cc(73)] ReadMemory at 0xa704e7d000 of 6024 bytes failed: Only part of a ReadProcessMemory or WriteProcessMemory request was completed. (0x12B)
[0609/124607.562:ERROR:process_memory_win.cc(73)] ReadMemory at 0xa704e7f000 of 6024 bytes failed: Only part of a ReadProcessMemory or WriteProcessMemory request was completed. (0x12B)
[0609/124607.562:ERROR:process_memory_win.cc(73)] ReadMemory at 0xa704e81000 of 6024 bytes failed: Only part of a ReadProcessMemory or WriteProcessMemory request was completed. (0x12B)
[0609/124607.562:ERROR:process_memory_win.cc(73)] ReadMemory at 0xa704e8b000 of 6024 bytes failed: Only part of a ReadProcessMemory or WriteProcessMemory request was completed. (0x12B)
[0609/124607.563:ERROR:process_memory_win.cc(73)] ReadMemory at 0xa704e8f000 of 6024 bytes failed: Only part of a ReadProcessMemory or WriteProcessMemory request was completed. (0x12B)
[0609/124607.563:ERROR:process_memory_win.cc(73)] ReadMemory at 0xa704ebf000 of 6024 bytes failed: Only part of a ReadProcessMemory or WriteProcessMemory request was completed. (0x12B)
[0609/124607.563:ERROR:process_memory_win.cc(73)] ReadMemory at 0xa704ec1000 of 6024 bytes failed: Only part of a ReadProcessMemory or WriteProcessMemory request was completed. (0x12B)
[0609/124607.563:ERROR:process_memory_win.cc(73)] ReadMemory at 0xa704ec3000 of 6024 bytes failed: Only part of a ReadProcessMemory or WriteProcessMemory request was completed. (0x12B)
[0609/124607.563:ERROR:process_memory_win.cc(73)] ReadMemory at 0x2a4753a0fe0 of 7566 bytes failed: Only part of a ReadProcessMemory or WriteProcessMemory request was completed. (0x12B)
[0609/124607.563:ERROR:process_memory_win.cc(73)] ReadMemory at 0x2a4753a2d80 of 1012 bytes failed: Only part of a ReadProcessMemory or WriteProcessMemory request was completed. (0x12B)
[0609/124607.563:ERROR:process_memory_win.cc(73)] ReadMemory at 0x2a4753a33c8 of 118 bytes failed: Only part of a ReadProcessMemory or WriteProcessMemory request was completed. (0x12B)
[0609/124607.563:ERROR:process_memory_win.cc(73)] ReadMemory at 0x2a4753a3440 of 1340 bytes failed: Only part of a ReadProcessMemory or WriteProcessMemory request was completed. (0x12B)
[0609/124607.563:ERROR:process_memory_win.cc(73)] ReadMemory at 0x2a4753a397e of 118 bytes failed: Only part of a ReadProcessMemory or WriteProcessMemory request was completed. (0x12B)
[0609/124607.563:ERROR:process_memory_win.cc(73)] ReadMemory at 0x2a4753a39f6 of 98 bytes failed: Only part of a ReadProcessMemory or WriteProcessMemory request was completed. (0x12B)
[0609/124607.563:ERROR:process_memory_win.cc(73)] ReadMemory at 0x2a4753a3a70 of 58 bytes failed: Only part of a ReadProcessMemory or WriteProcessMemory request was completed. (0x12B)
[0609/124607.564:ERROR:process_memory_win.cc(73)] ReadMemory at 0x2a4753a3b70 of 132 bytes failed: Only part of a ReadProcessMemory or WriteProcessMemory request was completed. (0x12B)
[0609/124607.564:ERROR:process_memory_win.cc(73)] ReadMemory at 0x2a4753a3d00 of 132 bytes failed: Only part of a ReadProcessMemory or WriteProcessMemory request was completed. (0x12B)
[0609/124607.564:ERROR:process_memory_win.cc(73)] ReadMemory at 0x2a4753a3ec0 of 124 bytes failed: Only part of a ReadProcessMemory or WriteProcessMemory request was completed. (0x12B)
[0609/124607.564:ERROR:process_memory_win.cc(73)] ReadMemory at 0x2a4753a42a0 of 132 bytes failed: Only part of a ReadProcessMemory or WriteProcessMemory request was completed. (0x12B)
[0609/124607.564:ERROR:process_memory_win.cc(73)] ReadMemory at 0x2a4753a4430 of 64 bytes failed: Only part of a ReadProcessMemory or WriteProcessMemory request was completed. (0x12B)
[0609/124607.564:ERROR:process_memory_win.cc(73)] ReadMemory at 0x2a4753a4590 of 132 bytes failed: Only part of a ReadProcessMemory or WriteProcessMemory request was completed. (0x12B)
[0609/124607.564:ERROR:process_memory_win.cc(73)] ReadMemory at 0x2a4753a4720 of 60 bytes failed: Only part of a ReadProcessMemory or WriteProcessMemory request was completed. (0x12B)
[0609/124607.564:ERROR:process_memory_win.cc(73)] ReadMemory at 0x2a4753a4890 of 132 bytes failed: Only part of a ReadProcessMemory or WriteProcessMemory request was completed. (0x12B)
[0609/124607.564:ERROR:process_memory_win.cc(73)] ReadMemory at 0x2a4753a4a20 of 68 bytes failed: Only part of a ReadProcessMemory or WriteProcessMemory request was completed. (0x12B)
[0609/124607.564:ERROR:process_memory_win.cc(73)] ReadMemory at 0x2a4753a5d50 of 132 bytes failed: Only part of a ReadProcessMemory or WriteProcessMemory request was completed. (0x12B)
[0609/124607.564:ERROR:process_memory_win.cc(73)] ReadMemory at 0x2a4753a5f60 of 132 bytes failed: Only part of a ReadProcessMemory or WriteProcessMemory request was completed. (0x12B)
[0609/124607.564:ERROR:process_memory_win.cc(73)] ReadMemory at 0x2a4753a6090 of 152 bytes failed: Only part of a ReadProcessMemory or WriteProcessMemory request was completed. (0x12B)
[0609/124607.565:ERROR:process_memory_win.cc(73)] ReadMemory at 0x2a4753a6f30 of 62 bytes failed: Only part of a ReadProcessMemory or WriteProcessMemory request was completed. (0x12B)
[0609/124607.565:ERROR:process_memory_win.cc(73)] ReadMemory at 0x2a4753a7090 of 132 bytes failed: Only part of a ReadProcessMemory or WriteProcessMemory request was completed. (0x12B)
[0609/124607.565:ERROR:process_memory_win.cc(73)] ReadMemory at 0x2a4753a7220 of 60 bytes failed: Only part of a ReadProcessMemory or WriteProcessMemory request was completed. (0x12B)
[0609/124607.565:ERROR:process_memory_win.cc(73)] ReadMemory at 0x2a4753aab10 of 132 bytes failed: Only part of a ReadProcessMemory or WriteProcessMemory request was completed. (0x12B)
[0609/124607.565:ERROR:process_memory_win.cc(73)] ReadMemory at 0x2a4753ad560 of 64 bytes failed: Only part of a ReadProcessMemory or WriteProcessMemory request was completed. (0x12B)
[0609/124607.565:ERROR:process_memory_win.cc(73)] ReadMemory at 0x2a4753ad5b0 of 62 bytes failed: Only part of a ReadProcessMemory or WriteProcessMemory request was completed. (0x12B)
[0609/124607.565:ERROR:process_memory_win.cc(73)] ReadMemory at 0x2a4753ad9c0 of 60 bytes failed: Only part of a ReadProcessMemory or WriteProcessMemory request was completed. (0x12B)
[0609/124607.565:ERROR:process_memory_win.cc(73)] ReadMemory at 0x2a4753b0010 of 132 bytes failed: Only part of a ReadProcessMemory or WriteProcessMemory request was completed. (0x12B)
[0609/124607.565:ERROR:process_memory_win.cc(73)] ReadMemory at 0x2a4753b0680 of 132 bytes failed: Only part of a ReadProcessMemory or WriteProcessMemory request was completed. (0x12B)
[0609/124607.565:ERROR:process_memory_win.cc(73)] ReadMemory at 0x2a4753b3f50 of 144 bytes failed: Only part of a ReadProcessMemory or WriteProcessMemory request was completed. (0x12B)
[0609/124607.565:ERROR:process_memory_win.cc(73)] ReadMemory at 0x2a4753b4c90 of 80 bytes failed: Only part of a ReadProcessMemory or WriteProcessMemory request was completed. (0x12B)
[0609/124607.565:ERROR:process_memory_win.cc(73)] ReadMemory at 0x2a4753bddc0 of 66 bytes failed: Only part of a ReadProcessMemory or WriteProcessMemory request was completed. (0x12B)
[0609/124607.566:ERROR:process_memory_win.cc(73)] ReadMemory at 0x2a4753be040 of 64 bytes failed: Only part of a ReadProcessMemory or WriteProcessMemory request was completed. (0x12B)
[0609/124607.566:ERROR:process_memory_win.cc(73)] ReadMemory at 0x2a4753be2c0 of 58 bytes failed: Only part of a ReadProcessMemory or WriteProcessMemory request was completed. (0x12B)
[0609/124607.566:ERROR:process_memory_win.cc(73)] ReadMemory at 0x2a4753be400 of 62 bytes failed: Only part of a ReadProcessMemory or WriteProcessMemory request was completed. (0x12B)
[0609/124607.566:ERROR:process_memory_win.cc(73)] ReadMemory at 0x2a4753be4f0 of 62 bytes failed: Only part of a ReadProcessMemory or WriteProcessMemory request was completed. (0x12B)
[0609/124607.566:ERROR:process_memory_win.cc(73)] ReadMemory at 0x2a4753be540 of 60 bytes failed: Only part of a ReadProcessMemory or WriteProcessMemory request was completed. (0x12B)
[0609/124607.566:ERROR:process_memory_win.cc(73)] ReadMemory at 0x2a4753be5e0 of 58 bytes failed: Only part of a ReadProcessMemory or WriteProcessMemory request was completed. (0x12B)
[0609/124607.566:ERROR:process_memory_win.cc(73)] ReadMemory at 0x2a4753be7c0 of 60 bytes failed: Only part of a ReadProcessMemory or WriteProcessMemory request was completed. (0x12B)
[0609/124607.566:ERROR:process_memory_win.cc(73)] ReadMemory at 0x2a4753be8b0 of 62 bytes failed: Only part of a ReadProcessMemory or WriteProcessMemory request was completed. (0x12B)
[0609/124607.566:ERROR:process_memory_win.cc(73)] ReadMemory at 0x2a4753bea40 of 58 bytes failed: Only part of a ReadProcessMemory or WriteProcessMemory request was completed. (0x12B)
[0609/124607.566:ERROR:process_memory_win.cc(73)] ReadMemory at 0x2a4753dbca0 of 132 bytes failed: Only part of a ReadProcessMemory or WriteProcessMemory request was completed. (0x12B)
[0609/124607.566:ERROR:process_memory_win.cc(73)] ReadMemory at 0x2a4753dd470 of 54 bytes failed: Only part of a ReadProcessMemory or WriteProcessMemory request was completed. (0x12B)
[0609/124607.566:ERROR:process_memory_win.cc(73)] ReadMemory at 0x2a4753dd640 of 62 bytes failed: Only part of a ReadProcessMemory or WriteProcessMemory request was completed. (0x12B)
[0609/124607.567:ERROR:process_memory_win.cc(73)] ReadMemory at 0x2a4753dd730 of 62 bytes failed: Only part of a ReadProcessMemory or WriteProcessMemory request was completed. (0x12B)
[0609/124607.567:ERROR:process_memory_win.cc(73)] ReadMemory at 0x2a4753dd910 of 64 bytes failed: Only part of a ReadProcessMemory or WriteProcessMemory request was completed. (0x12B)
[0609/124607.567:ERROR:process_memory_win.cc(73)] ReadMemory at 0x2a4753dda00 of 64 bytes failed: Only part of a ReadProcessMemory or WriteProcessMemory request was completed. (0x12B)
[0609/124607.567:ERROR:process_memory_win.cc(73)] ReadMemory at 0x2a4753dda50 of 58 bytes failed: Only part of a ReadProcessMemory or WriteProcessMemory request was completed. (0x12B)
[0609/124607.567:ERROR:process_memory_win.cc(73)] ReadMemory at 0x2a4753ddb40 of 64 bytes failed: Only part of a ReadProcessMemory or WriteProcessMemory request was completed. (0x12B)
[0609/124607.567:ERROR:process_memory_win.cc(73)] ReadMemory at 0x2a4753ddb90 of 64 bytes failed: Only part of a ReadProcessMemory or WriteProcessMemory request was completed. (0x12B)
[0609/124607.567:ERROR:process_memory_win.cc(73)] ReadMemory at 0x2a4753ddbe0 of 62 bytes failed: Only part of a ReadProcessMemory or WriteProcessMemory request was completed. (0x12B)
[0609/124607.567:ERROR:process_memory_win.cc(73)] ReadMemory at 0x2a4753ddc30 of 66 bytes failed: Only part of a ReadProcessMemory or WriteProcessMemory request was completed. (0x12B)
[0609/124607.567:ERROR:process_memory_win.cc(73)] ReadMemory at 0x2a4753ddc80 of 64 bytes failed: Only part of a ReadProcessMemory or WriteProcessMemory request was completed. (0x12B)
[0609/124607.567:ERROR:process_memory_win.cc(73)] ReadMemory at 0x2a4753ddcd0 of 60 bytes failed: Only part of a ReadProcessMemory or WriteProcessMemory request was completed. (0x12B)
[0609/124607.567:ERROR:process_memory_win.cc(73)] ReadMemory at 0x2a4753ddd20 of 62 bytes failed: Only part of a ReadProcessMemory or WriteProcessMemory request was completed. (0x12B)
[0609/124607.567:ERROR:process_memory_win.cc(73)] ReadMemory at 0x2a4753dde60 of 62 bytes failed: Only part of a ReadProcessMemory or WriteProcessMemory request was completed. (0x12B)
[0609/124607.567:ERROR:process_memory_win.cc(73)] ReadMemory at 0x2a4753ddeb0 of 60 bytes failed: Only part of a ReadProcessMemory or WriteProcessMemory request was completed. (0x12B)
[0609/124607.568:ERROR:process_memory_win.cc(73)] ReadMemory at 0x2a4753ddfa0 of 62 bytes failed: Only part of a ReadProcessMemory or WriteProcessMemory request was completed. (0x12B)
[0609/124607.568:ERROR:process_memory_win.cc(73)] ReadMemory at 0x2a4753ddff0 of 60 bytes failed: Only part of a ReadProcessMemory or WriteProcessMemory request was completed. (0x12B)
[0609/124607.568:ERROR:process_memory_win.cc(73)] ReadMemory at 0x2a4753de180 of 66 bytes failed: Only part of a ReadProcessMemory or WriteProcessMemory request was completed. (0x12B)
[0609/124607.568:ERROR:process_memory_win.cc(73)] ReadMemory at 0x2a4753de1d0 of 60 bytes failed: Only part of a ReadProcessMemory or WriteProcessMemory request was completed. (0x12B)
[0609/124607.568:ERROR:process_memory_win.cc(73)] ReadMemory at 0x2a4753de220 of 62 bytes failed: Only part of a ReadProcessMemory or WriteProcessMemory request was completed. (0x12B)
[0609/124607.568:ERROR:process_memory_win.cc(73)] ReadMemory at 0x2a4753de270 of 62 bytes failed: Only part of a ReadProcessMemory or WriteProcessMemory request was completed. (0x12B)
[0609/124607.568:ERROR:process_memory_win.cc(73)] ReadMemory at 0x2a4753de310 of 62 bytes failed: Only part of a ReadProcessMemory or WriteProcessMemory request was completed. (0x12B)
[0609/124607.568:ERROR:process_memory_win.cc(73)] ReadMemory at 0x2a4753de4a0 of 60 bytes failed: Only part of a ReadProcessMemory or WriteProcessMemory request was completed. (0x12B)
[0609/124607.569:ERROR:process_memory_win.cc(73)] ReadMemory at 0x2a4753de4f0 of 64 bytes failed: Only part of a ReadProcessMemory or WriteProcessMemory request was completed. (0x12B)
[0609/124607.569:ERROR:process_memory_win.cc(73)] ReadMemory at 0x2a4753de540 of 64 bytes failed: Only part of a ReadProcessMemory or WriteProcessMemory request was completed. (0x12B)
[0609/124607.569:ERROR:process_memory_win.cc(73)] ReadMemory at 0x2a4753df610 of 132 bytes failed: Only part of a ReadProcessMemory or WriteProcessMemory request was completed. (0x12B)
[0609/124607.569:ERROR:process_memory_win.cc(73)] ReadMemory at 0x2a4753df970 of 132 bytes failed: Only part of a ReadProcessMemory or WriteProcessMemory request was completed. (0x12B)
[0609/124607.569:ERROR:process_memory_win.cc(73)] ReadMemory at 0x2a4753dfaa0 of 132 bytes failed: Only part of a ReadProcessMemory or WriteProcessMemory request was completed. (0x12B)
[0609/124607.569:ERROR:process_memory_win.cc(73)] ReadMemory at 0x2a4753dfcf0 of 132 bytes failed: Only part of a ReadProcessMemory or WriteProcessMemory request was completed. (0x12B)
[0609/124607.569:ERROR:process_memory_win.cc(73)] ReadMemory at 0x2a4753dfe20 of 132 bytes failed: Only part of a ReadProcessMemory or WriteProcessMemory request was completed. (0x12B)
[0609/124607.569:ERROR:process_memory_win.cc(73)] ReadMemory at 0x2a4753e14d0 of 132 bytes failed: Only part of a ReadProcessMemory or WriteProcessMemory request was completed. (0x12B)
[0609/124607.569:ERROR:process_memory_win.cc(73)] ReadMemory at 0x2a4753e7bb0 of 132 bytes failed: Only part of a ReadProcessMemory or WriteProcessMemory request was completed. (0x12B)
[0609/124607.569:ERROR:process_memory_win.cc(73)] ReadMemory at 0x2a4753e7ce0 of 132 bytes failed: Only part of a ReadProcessMemory or WriteProcessMemory request was completed. (0x12B)
[0609/124607.569:ERROR:process_memory_win.cc(73)] ReadMemory at 0x2a4753e7e10 of 132 bytes failed: Only part of a ReadProcessMemory or WriteProcessMemory request was completed. (0x12B)
[0609/124607.569:ERROR:process_memory_win.cc(73)] ReadMemory at 0x2a4753e7f40 of 132 bytes failed: Only part of a ReadProcessMemory or WriteProcessMemory request was completed. (0x12B)
[0609/124607.569:ERROR:process_memory_win.cc(73)] ReadMemory at 0x2a4753e81a0 of 132 bytes failed: Only part of a ReadProcessMemory or WriteProcessMemory request was completed. (0x12B)
[0609/124607.570:ERROR:process_memory_win.cc(73)] ReadMemory at 0x2a4753e82d0 of 132 bytes failed: Only part of a ReadProcessMemory or WriteProcessMemory request was completed. (0x12B)
[0609/124607.570:ERROR:process_memory_win.cc(73)] ReadMemory at 0x2a4753e8400 of 132 bytes failed: Only part of a ReadProcessMemory or WriteProcessMemory request was completed. (0x12B)
[0609/124607.570:ERROR:process_memory_win.cc(73)] ReadMemory at 0x2a4753e8530 of 132 bytes failed: Only part of a ReadProcessMemory or WriteProcessMemory request was completed. (0x12B)
[0609/124607.570:ERROR:process_memory_win.cc(73)] ReadMemory at 0x2a4753e8660 of 132 bytes failed: Only part of a ReadProcessMemory or WriteProcessMemory request was completed. (0x12B)
[0609/124607.570:ERROR:process_memory_win.cc(73)] ReadMemory at 0x2a4753e8790 of 132 bytes failed: Only part of a ReadProcessMemory or WriteProcessMemory request was completed. (0x12B)
[0609/124607.570:ERROR:process_memory_win.cc(73)] ReadMemory at 0x2a4753e88c0 of 132 bytes failed: Only part of a ReadProcessMemory or WriteProcessMemory request was completed. (0x12B)
[0609/124607.570:ERROR:process_memory_win.cc(73)] ReadMemory at 0x2a4753e89f0 of 132 bytes failed: Only part of a ReadProcessMemory or WriteProcessMemory request was completed. (0x12B)
[0609/124607.570:ERROR:process_memory_win.cc(73)] ReadMemory at 0x2a4753e8ec0 of 78 bytes failed: Only part of a ReadProcessMemory or WriteProcessMemory request was completed. (0x12B)
[0609/124607.570:ERROR:process_memory_win.cc(73)] ReadMemory at 0x2a4753e9880 of 80 bytes failed: Only part of a ReadProcessMemory or WriteProcessMemory request was completed. (0x12B)
[0609/124607.570:ERROR:process_memory_win.cc(73)] ReadMemory at 0x2a4753e98e0 of 76 bytes failed: Only part of a ReadProcessMemory or WriteProcessMemory request was completed. (0x12B)
[0609/124607.570:ERROR:process_memory_win.cc(73)] ReadMemory at 0x2a4753e9d00 of 512 bytes failed: Only part of a ReadProcessMemory or WriteProcessMemory request was completed. (0x12B)
[0609/124607.570:ERROR:process_memory_win.cc(73)] ReadMemory at 0x2a4753ea2c0 of 132 bytes failed: Only part of a ReadProcessMemory or WriteProcessMemory request was completed. (0x12B)
[0609/124607.571:ERROR:process_memory_win.cc(73)] ReadMemory at 0x2a4753ea3f0 of 132 bytes failed: Only part of a ReadProcessMemory or WriteProcessMemory request was completed. (0x12B)
[0609/124607.571:ERROR:process_memory_win.cc(73)] ReadMemory at 0x2a4753ea520 of 132 bytes failed: Only part of a ReadProcessMemory or WriteProcessMemory request was completed. (0x12B)
[0609/124607.571:ERROR:process_memory_win.cc(73)] ReadMemory at 0x2a4753ea650 of 132 bytes failed: Only part of a ReadProcessMemory or WriteProcessMemory request was completed. (0x12B)
[0609/124607.571:ERROR:process_memory_win.cc(73)] ReadMemory at 0x2a4753ea780 of 132 bytes failed: Only part of a ReadProcessMemory or WriteProcessMemory request was completed. (0x12B)
[0609/124607.571:ERROR:process_memory_win.cc(73)] ReadMemory at 0x2a4753ea8b0 of 132 bytes failed: Only part of a ReadProcessMemory or WriteProcessMemory request was completed. (0x12B)
[0609/124607.571:ERROR:process_memory_win.cc(73)] ReadMemory at 0x2a4753ea9e0 of 132 bytes failed: Only part of a ReadProcessMemory or WriteProcessMemory request was completed. (0x12B)
[0609/124607.571:ERROR:process_memory_win.cc(73)] ReadMemory at 0x2a4753eab10 of 132 bytes failed: Only part of a ReadProcessMemory or WriteProcessMemory request was completed. (0x12B)
[0609/124607.571:ERROR:process_memory_win.cc(73)] ReadMemory at 0x2a4753eac40 of 132 bytes failed: Only part of a ReadProcessMemory or WriteProcessMemory request was completed. (0x12B)
[0609/124607.571:ERROR:process_memory_win.cc(73)] ReadMemory at 0x2a4753ead70 of 132 bytes failed: Only part of a ReadProcessMemory or WriteProcessMemory request was completed. (0x12B)
[0609/124607.571:ERROR:process_memory_win.cc(73)] ReadMemory at 0x2a4753eaea0 of 132 bytes failed: Only part of a ReadProcessMemory or WriteProcessMemory request was completed. (0x12B)
[0609/124607.571:ERROR:process_memory_win.cc(73)] ReadMemory at 0x2a4753eafd0 of 132 bytes failed: Only part of a ReadProcessMemory or WriteProcessMemory request was completed. (0x12B)
[0609/124607.571:ERROR:process_memory_win.cc(73)] ReadMemory at 0x2a4753eb100 of 132 bytes failed: Only part of a ReadProcessMemory or WriteProcessMemory request was completed. (0x12B)
[0609/124607.572:ERROR:process_memory_win.cc(73)] ReadMemory at 0x2a4753eb230 of 132 bytes failed: Only part of a ReadProcessMemory or WriteProcessMemory request was completed. (0x12B)
[0609/124607.572:ERROR:process_memory_win.cc(73)] ReadMemory at 0x2a4753eb360 of 132 bytes failed: Only part of a ReadProcessMemory or WriteProcessMemory request was completed. (0x12B)
[0609/124607.572:ERROR:process_memory_win.cc(73)] ReadMemory at 0x2a4753eb490 of 132 bytes failed: Only part of a ReadProcessMemory or WriteProcessMemory request was completed. (0x12B)
[0609/124607.572:ERROR:process_memory_win.cc(73)] ReadMemory at 0x2a4753eb5c0 of 132 bytes failed: Only part of a ReadProcessMemory or WriteProcessMemory request was completed. (0x12B)
[0609/124607.572:ERROR:process_memory_win.cc(73)] ReadMemory at 0x2a4753eb6f0 of 132 bytes failed: Only part of a ReadProcessMemory or WriteProcessMemory request was completed. (0x12B)
[0609/124607.572:ERROR:process_memory_win.cc(73)] ReadMemory at 0x2a4753eb820 of 132 bytes failed: Only part of a ReadProcessMemory or WriteProcessMemory request was completed. (0x12B)
[0609/124607.572:ERROR:process_memory_win.cc(73)] ReadMemory at 0x2a4753ebe10 of 132 bytes failed: Only part of a ReadProcessMemory or WriteProcessMemory request was completed. (0x12B)
[0609/124607.572:ERROR:process_memory_win.cc(73)] ReadMemory at 0x2a4753ebf40 of 132 bytes failed: Only part of a ReadProcessMemory or WriteProcessMemory request was completed. (0x12B)
[0609/124607.572:ERROR:process_memory_win.cc(73)] ReadMemory at 0x2a4753f8b30 of 512 bytes failed: Only part of a ReadProcessMemory or WriteProcessMemory request was completed. (0x12B)
[0609/124607.572:ERROR:process_memory_win.cc(73)] ReadMemory at 0x2a475911000 of 512 bytes failed: Only part of a ReadProcessMemory or WriteProcessMemory request was completed. (0x12B)
[0609/124607.573:ERROR:process_memory_win.cc(73)] ReadMemory at 0x2a47597e970 of 712 bytes failed: Only part of a ReadProcessMemory or WriteProcessMemory request was completed. (0x12B)
[0609/124607.573:ERROR:process_memory_win.cc(73)] ReadMemory at 0x2a47598d430 of 512 bytes failed: Only part of a ReadProcessMemory or WriteProcessMemory request was completed. (0x12B)
[0609/124607.573:ERROR:process_memory_win.cc(73)] ReadMemory at 0x2a4759af6a0 of 512 bytes failed: Only part of a ReadProcessMemory or WriteProcessMemory request was completed. (0x12B)
[0609/124607.573:ERROR:process_memory_win.cc(73)] ReadMemory at 0x2a4759bbfa0 of 512 bytes failed: Only part of a ReadProcessMemory or WriteProcessMemory request was completed. (0x12B)
[0609/124607.573:ERROR:process_memory_win.cc(73)] ReadMemory at 0x2a4759cb000 of 512 bytes failed: Only part of a ReadProcessMemory or WriteProcessMemory request was completed. (0x12B)
[0609/124607.573:ERROR:process_memory_win.cc(73)] ReadMemory at 0x2a477250000 of 384 bytes failed: Only part of a ReadProcessMemory or WriteProcessMemory request was completed. (0x12B)
[0609/124607.573:ERROR:process_memory_win.cc(73)] ReadMemory at 0x2a47728f890 of 512 bytes failed: Only part of a ReadProcessMemory or WriteProcessMemory request was completed. (0x12B)
[0609/124607.573:ERROR:process_memory_win.cc(73)] ReadMemory at 0x2a4772a65d0 of 512 bytes failed: Only part of a ReadProcessMemory or WriteProcessMemory request was completed. (0x12B)
[0609/124607.573:ERROR:process_memory_win.cc(73)] ReadMemory at 0x2a477a13120 of 552 bytes failed: Only part of a ReadProcessMemory or WriteProcessMemory request was completed. (0x12B)
[0609/124607.573:ERROR:process_memory_win.cc(73)] ReadMemory at 0x2a477af9610 of 512 bytes failed: Only part of a ReadProcessMemory or WriteProcessMemory request was completed. (0x12B)
[0609/124607.573:ERROR:process_memory_win.cc(73)] ReadMemory at 0x2a477c7dc10 of 512 bytes failed: Only part of a ReadProcessMemory or WriteProcessMemory request was completed. (0x12B)
[0609/124607.573:ERROR:process_memory_win.cc(73)] ReadMemory at 0x2a47a030db0 of 512 bytes failed: Only part of a ReadProcessMemory or WriteProcessMemory request was completed. (0x12B)
[0609/124607.574:ERROR:process_memory_win.cc(73)] ReadMemory at 0x2a47a03a690 of 512 bytes failed: Only part of a ReadProcessMemory or WriteProcessMemory request was completed. (0x12B)
[0609/124607.574:ERROR:process_memory_win.cc(73)] ReadMemory at 0x2a47a1448c0 of 512 bytes failed: Only part of a ReadProcessMemory or WriteProcessMemory request was completed. (0x12B)
[0609/124607.574:ERROR:process_memory_win.cc(73)] ReadMemory at 0x2a47a4789f0 of 512 bytes failed: Only part of a ReadProcessMemory or WriteProcessMemory request was completed. (0x12B)
[0609/124607.576:ERROR:scoped_process_suspend.cc(40)] NtResumeProcess: An attempt was made to access an exiting process. (0xc000010a)
